[ERROR] [08-04-2020 15:18:44] [MANAGER_LOGGER] - [2020-04-08,15:18:44](Thread:localhost-startStop-1-14992436) --> Connection timed out: connect

[ERROR] [08-04-2020 15:18:44] [MANAGER_LOGGER] - [2020-04-08,15:18:44](Thread:localhost-startStop-1-14992436) --> msgSecSerErrorConnectingServer: rdp-w10-bd-01:10000. Connection timed out: connect

[INFO ] [08-04-2020 15:18:44] [MANAGER_LOGGER] - [2020-04-08,15:18:44](Thread:localhost-startStop-1-14992436) --> Looking for host port with lock. 2508074

[ERROR] [08-04-2020 15:19:07] [MANAGER_LOGGER] - [2020-04-08,15:19:07](Thread:localhost-startStop-1-14992436) --> Connection timed out: connect

[DEBUG] [08-04-2020 15:19:07] [MANAGER_LOGGER] - [2020-04-08,15:19:07](Thread:localhost-startStop-1-14992436) --> Starting to test port availability

[DEBUG] [08-04-2020 15:19:07] [MANAGER_LOGGER] - [2020-04-08,15:19:07](Thread:localhost-startStop-1-14992436) --> Testing port DESKTOP-PN7D238:10000

[DEBUG] [08-04-2020 15:19:07] [MANAGER_LOGGER] - [2020-04-08,15:19:07](Thread:localhost-startStop-1-14992436) --> Port free DESKTOP-PN7D238:10000

[ERROR] [08-04-2020 15:42:28] [MANAGER_LOGGER] - [2020-04-08,15:42:28](Thread:localhost-startStop-1-1637148) --> Connection refused: connect

[ERROR] [08-04-2020 15:42:28] [MANAGER_LOGGER] - [2020-04-08,15:42:28](Thread:localhost-startStop-1-1637148) --> msgSecSerErrorConnectingServer: DESKTOP-PN7D238:10000. Connection refused: connect

[INFO ] [08-04-2020 15:42:28] [MANAGER_LOGGER] - [2020-04-08,15:42:28](Thread:localhost-startStop-1-1637148) --> Looking for host port with lock. 26468597

[ERROR] [08-04-2020 15:42:30] [MANAGER_LOGGER] - [2020-04-08,15:42:30](Thread:localhost-startStop-1-1637148) --> Connection refused: connect

[DEBUG] [08-04-2020 15:42:30] [MANAGER_LOGGER] - [2020-04-08,15:42:30](Thread:localhost-startStop-1-1637148) --> Starting to test port availability

[DEBUG] [08-04-2020 15:42:30] [MANAGER_LOGGER] - [2020-04-08,15:42:30](Thread:localhost-startStop-1-1637148) --> Testing port DESKTOP-PN7D238:10000

[DEBUG] [08-04-2020 15:42:30] [MANAGER_LOGGER] - [2020-04-08,15:42:30](Thread:localhost-startStop-1-1637148) --> Port free DESKTOP-PN7D238:10000

[ERROR] [02-07-2020 07:30:43] [MANAGER_LOGGER] - [2020-07-02,07:30:43](Thread:localhost-startStop-1-1637148) --> Connection refused: connect

[ERROR] [02-07-2020 07:30:43] [MANAGER_LOGGER] - [2020-07-02,07:30:43](Thread:localhost-startStop-1-1637148) --> msgSecSerErrorConnectingServer: DESKTOP-PN7D238:10000. Connection refused: connect

[INFO ] [02-07-2020 07:30:43] [MANAGER_LOGGER] - [2020-07-02,07:30:43](Thread:localhost-startStop-1-1637148) --> Looking for host port with lock. 15653126

[ERROR] [02-07-2020 07:30:45] [MANAGER_LOGGER] - [2020-07-02,07:30:45](Thread:localhost-startStop-1-1637148) --> Connection refused: connect

[DEBUG] [02-07-2020 07:30:46] [MANAGER_LOGGER] - [2020-07-02,07:30:46](Thread:localhost-startStop-1-1637148) --> Starting to test port availability

[DEBUG] [02-07-2020 07:30:46] [MANAGER_LOGGER] - [2020-07-02,07:30:46](Thread:localhost-startStop-1-1637148) --> Testing port DESKTOP-PN7D238:10000

[DEBUG] [02-07-2020 07:30:46] [MANAGER_LOGGER] - [2020-07-02,07:30:46](Thread:localhost-startStop-1-1637148) --> Port free DESKTOP-PN7D238:10000

