[DEBUG] [02-07-2020 07:30:46] [DispatcherLogger] - Starting: com.st.automatic.dispatcher.Dispatcher.
[DEBUG] [02-07-2020 07:30:46] [DispatcherLogger] - Reading XML File.
[DEBUG] [02-07-2020 07:30:56] [DispatcherLogger] - Starting: com.st.automatic.dispatcher.ControlProcess.
[DEBUG] [02-07-2020 07:31:46] [DispatcherLogger] - Starting Verifier: com.dogma.automatic.ProcessVerifier.
[DEBUG] [02-07-2020 07:31:46] [DispatcherLogger] - Starting Verifier: com.dogma.automatic.TaskVerifier.
[DEBUG] [02-07-2020 07:31:46] [DispatcherLogger] - Starting Verifier: com.dogma.automatic.BusClassVerifier.
[DEBUG] [02-07-2020 07:31:46] [DispatcherLogger] - Starting Process: com.dogma.automatic.BusClassProcess.
[DEBUG] [02-07-2020 07:31:46] [DispatcherLogger] - <startSchedulerExecute>  (SCHEDULER NAME: Clean Temp Directories) (BUSINESS CLASS: Clean Temp Directories) (ENVIRONMENT: DEFAULT) (SCHEDULER LAST EXECUTION: 28/05/2019) (SCHEDULER NEXT EXECUTION: 03/07/2020) (SCHEDULER PERIODICITY: every_day) </startSchedulerExecute>
[DEBUG] [02-07-2020 07:31:47] [DispatcherLogger] - <endSchedulerExecute>  (SCHEDULER NAME: Clean Temp Directories) (STATUS: OK) (BUSINESS CLASS DISABLED: false) (BUSINESS CLASS: Clean Temp Directories) (ENVIRONMENT: DEFAULT) (SCHEDULER LAST EXECUTION: 02/07/2020) (SCHEDULER NEXT EXECUTION: 03/07/2020) (SCHEDULER PERIODICITY: every_day) </endSchedulerExecute>
[DEBUG] [02-07-2020 07:31:47] [DispatcherLogger] - Starting Process: com.dogma.automatic.BusClassProcess.
[DEBUG] [02-07-2020 07:31:47] [DispatcherLogger] - <startSchedulerExecute>  (SCHEDULER NAME: dw_update) (BUSINESS CLASS: Datawarehouse Update) (ENVIRONMENT: DEFAULT) (SCHEDULER LAST EXECUTION: 08/04/2020) (SCHEDULER NEXT EXECUTION: 02/07/2020) (SCHEDULER PERIODICITY: every_minute) </startSchedulerExecute>
[DEBUG] [02-07-2020 07:31:48] [DispatcherLogger] - <endSchedulerExecute>  (SCHEDULER NAME: dw_update) (STATUS: OK) (BUSINESS CLASS DISABLED: false) (BUSINESS CLASS: Datawarehouse Update) (ENVIRONMENT: DEFAULT) (SCHEDULER LAST EXECUTION: 02/07/2020) (SCHEDULER NEXT EXECUTION: 02/07/2020) (SCHEDULER PERIODICITY: every_minute) </endSchedulerExecute>
[DEBUG] [02-07-2020 07:31:48] [DispatcherLogger] - Starting Process: com.dogma.automatic.BusClassProcess.
[DEBUG] [02-07-2020 07:31:48] [DispatcherLogger] - <startSchedulerExecute>  (SCHEDULER NAME: Automatic unlock users) (BUSINESS CLASS: Automatic unlock users) (ENVIRONMENT: DEFAULT) (SCHEDULER LAST EXECUTION: 08/04/2020) (SCHEDULER NEXT EXECUTION: 02/07/2020) (SCHEDULER PERIODICITY: every_minute) </startSchedulerExecute>
[DEBUG] [02-07-2020 07:31:48] [DispatcherLogger] - <endSchedulerExecute>  (SCHEDULER NAME: Automatic unlock users) (STATUS: OK) (BUSINESS CLASS DISABLED: false) (BUSINESS CLASS: Automatic unlock users) (ENVIRONMENT: DEFAULT) (SCHEDULER LAST EXECUTION: 02/07/2020) (SCHEDULER NEXT EXECUTION: 02/07/2020) (SCHEDULER PERIODICITY: every_minute) </endSchedulerExecute>
[DEBUG] [02-07-2020 07:31:49] [DispatcherLogger] - Starting Process: com.dogma.automatic.BusClassProcess.
[DEBUG] [02-07-2020 07:31:49] [DispatcherLogger] - <startSchedulerExecute>  (SCHEDULER NAME: Global Widgets Execution) (BUSINESS CLASS: Widget Always Active Executer Global) (ENVIRONMENT: DEFAULT) (SCHEDULER LAST EXECUTION: 08/04/2020) (SCHEDULER NEXT EXECUTION: 02/07/2020) (SCHEDULER PERIODICITY: every_minute) </startSchedulerExecute>
[DEBUG] [02-07-2020 07:31:49] [DispatcherLogger] - <endSchedulerExecute>  (SCHEDULER NAME: Global Widgets Execution) (STATUS: OK) (BUSINESS CLASS DISABLED: false) (BUSINESS CLASS: Widget Always Active Executer Global) (ENVIRONMENT: DEFAULT) (SCHEDULER LAST EXECUTION: 02/07/2020) (SCHEDULER NEXT EXECUTION: 02/07/2020) (SCHEDULER PERIODICITY: every_minute) </endSchedulerExecute>
[DEBUG] [02-07-2020 07:31:50] [DispatcherLogger] - Starting Process: com.dogma.automatic.BusClassProcess.
[DEBUG] [02-07-2020 07:31:50] [DispatcherLogger] - <startSchedulerExecute>  (SCHEDULER NAME: Remove Index Locks) (BUSINESS CLASS: Remove Index Locks) (ENVIRONMENT: DEFAULT) (SCHEDULER LAST EXECUTION: 02/07/2020) (SCHEDULER PERIODICITY: at_start) </startSchedulerExecute>
[DEBUG] [02-07-2020 07:31:50] [DispatcherLogger] - <endSchedulerExecute>  (SCHEDULER NAME: Remove Index Locks) (STATUS: OK) (BUSINESS CLASS DISABLED: false) (BUSINESS CLASS: Remove Index Locks) (ENVIRONMENT: DEFAULT) (SCHEDULER LAST EXECUTION: 02/07/2020) (SCHEDULER PERIODICITY: at_start) </endSchedulerExecute>
[DEBUG] [02-07-2020 07:31:51] [DispatcherLogger] - Starting Process: com.dogma.automatic.BusClassProcess.
[DEBUG] [02-07-2020 07:31:51] [DispatcherLogger] - <startSchedulerExecute>  (SCHEDULER NAME: Leave Update) (BUSINESS CLASS: Leave Update) (ENVIRONMENT: DEFAULT) (SCHEDULER LAST EXECUTION: 28/05/2019) (SCHEDULER NEXT EXECUTION: 03/07/2020) (SCHEDULER PERIODICITY: every_day) </startSchedulerExecute>
[DEBUG] [02-07-2020 07:31:51] [DispatcherLogger] - <endSchedulerExecute>  (SCHEDULER NAME: Leave Update) (STATUS: OK) (BUSINESS CLASS DISABLED: false) (BUSINESS CLASS: Leave Update) (ENVIRONMENT: DEFAULT) (SCHEDULER LAST EXECUTION: 02/07/2020) (SCHEDULER NEXT EXECUTION: 03/07/2020) (SCHEDULER PERIODICITY: every_day) </endSchedulerExecute>
[DEBUG] [02-07-2020 07:32:47] [DispatcherLogger] - Starting Process: com.dogma.automatic.BusClassProcess.
[DEBUG] [02-07-2020 07:32:47] [DispatcherLogger] - <startSchedulerExecute>  (SCHEDULER NAME: Global Widgets Execution) (BUSINESS CLASS: Widget Always Active Executer Global) (ENVIRONMENT: DEFAULT) (SCHEDULER LAST EXECUTION: 02/07/2020) (SCHEDULER NEXT EXECUTION: 02/07/2020) (SCHEDULER PERIODICITY: every_minute) </startSchedulerExecute>
[DEBUG] [02-07-2020 07:32:47] [DispatcherLogger] - <endSchedulerExecute>  (SCHEDULER NAME: Global Widgets Execution) (STATUS: OK) (BUSINESS CLASS DISABLED: false) (BUSINESS CLASS: Widget Always Active Executer Global) (ENVIRONMENT: DEFAULT) (SCHEDULER LAST EXECUTION: 02/07/2020) (SCHEDULER NEXT EXECUTION: 02/07/2020) (SCHEDULER PERIODICITY: every_minute) </endSchedulerExecute>
[DEBUG] [02-07-2020 07:32:48] [DispatcherLogger] - Starting Process: com.dogma.automatic.BusClassProcess.
[DEBUG] [02-07-2020 07:32:48] [DispatcherLogger] - <startSchedulerExecute>  (SCHEDULER NAME: dw_update) (BUSINESS CLASS: Datawarehouse Update) (ENVIRONMENT: DEFAULT) (SCHEDULER LAST EXECUTION: 02/07/2020) (SCHEDULER NEXT EXECUTION: 02/07/2020) (SCHEDULER PERIODICITY: every_minute) </startSchedulerExecute>
[DEBUG] [02-07-2020 07:32:48] [DispatcherLogger] - <endSchedulerExecute>  (SCHEDULER NAME: dw_update) (STATUS: OK) (BUSINESS CLASS DISABLED: false) (BUSINESS CLASS: Datawarehouse Update) (ENVIRONMENT: DEFAULT) (SCHEDULER LAST EXECUTION: 02/07/2020) (SCHEDULER NEXT EXECUTION: 02/07/2020) (SCHEDULER PERIODICITY: every_minute) </endSchedulerExecute>
[DEBUG] [02-07-2020 07:32:49] [DispatcherLogger] - Starting Process: com.dogma.automatic.BusClassProcess.
[DEBUG] [02-07-2020 07:32:49] [DispatcherLogger] - <startSchedulerExecute>  (SCHEDULER NAME: Automatic unlock users) (BUSINESS CLASS: Automatic unlock users) (ENVIRONMENT: DEFAULT) (SCHEDULER LAST EXECUTION: 02/07/2020) (SCHEDULER NEXT EXECUTION: 02/07/2020) (SCHEDULER PERIODICITY: every_minute) </startSchedulerExecute>
[DEBUG] [02-07-2020 07:32:49] [DispatcherLogger] - <endSchedulerExecute>  (SCHEDULER NAME: Automatic unlock users) (STATUS: OK) (BUSINESS CLASS DISABLED: false) (BUSINESS CLASS: Automatic unlock users) (ENVIRONMENT: DEFAULT) (SCHEDULER LAST EXECUTION: 02/07/2020) (SCHEDULER NEXT EXECUTION: 02/07/2020) (SCHEDULER PERIODICITY: every_minute) </endSchedulerExecute>
[DEBUG] [02-07-2020 07:33:47] [DispatcherLogger] - Starting Process: com.dogma.automatic.BusClassProcess.
[DEBUG] [02-07-2020 07:33:47] [DispatcherLogger] - <startSchedulerExecute>  (SCHEDULER NAME: Global Widgets Execution) (BUSINESS CLASS: Widget Always Active Executer Global) (ENVIRONMENT: DEFAULT) (SCHEDULER LAST EXECUTION: 02/07/2020) (SCHEDULER NEXT EXECUTION: 02/07/2020) (SCHEDULER PERIODICITY: every_minute) </startSchedulerExecute>
[DEBUG] [02-07-2020 07:33:48] [DispatcherLogger] - <endSchedulerExecute>  (SCHEDULER NAME: Global Widgets Execution) (STATUS: OK) (BUSINESS CLASS DISABLED: false) (BUSINESS CLASS: Widget Always Active Executer Global) (ENVIRONMENT: DEFAULT) (SCHEDULER LAST EXECUTION: 02/07/2020) (SCHEDULER NEXT EXECUTION: 02/07/2020) (SCHEDULER PERIODICITY: every_minute) </endSchedulerExecute>
[DEBUG] [02-07-2020 07:33:48] [DispatcherLogger] - Starting Process: com.dogma.automatic.BusClassProcess.
[DEBUG] [02-07-2020 07:33:48] [DispatcherLogger] - <startSchedulerExecute>  (SCHEDULER NAME: dw_update) (BUSINESS CLASS: Datawarehouse Update) (ENVIRONMENT: DEFAULT) (SCHEDULER LAST EXECUTION: 02/07/2020) (SCHEDULER NEXT EXECUTION: 02/07/2020) (SCHEDULER PERIODICITY: every_minute) </startSchedulerExecute>
[DEBUG] [02-07-2020 07:33:49] [DispatcherLogger] - <endSchedulerExecute>  (SCHEDULER NAME: dw_update) (STATUS: OK) (BUSINESS CLASS DISABLED: false) (BUSINESS CLASS: Datawarehouse Update) (ENVIRONMENT: DEFAULT) (SCHEDULER LAST EXECUTION: 02/07/2020) (SCHEDULER NEXT EXECUTION: 02/07/2020) (SCHEDULER PERIODICITY: every_minute) </endSchedulerExecute>
[DEBUG] [02-07-2020 07:33:49] [DispatcherLogger] - Starting Process: com.dogma.automatic.BusClassProcess.
[DEBUG] [02-07-2020 07:33:49] [DispatcherLogger] - <startSchedulerExecute>  (SCHEDULER NAME: Automatic unlock users) (BUSINESS CLASS: Automatic unlock users) (ENVIRONMENT: DEFAULT) (SCHEDULER LAST EXECUTION: 02/07/2020) (SCHEDULER NEXT EXECUTION: 02/07/2020) (SCHEDULER PERIODICITY: every_minute) </startSchedulerExecute>
[DEBUG] [02-07-2020 07:33:49] [DispatcherLogger] - <endSchedulerExecute>  (SCHEDULER NAME: Automatic unlock users) (STATUS: OK) (BUSINESS CLASS DISABLED: false) (BUSINESS CLASS: Automatic unlock users) (ENVIRONMENT: DEFAULT) (SCHEDULER LAST EXECUTION: 02/07/2020) (SCHEDULER NEXT EXECUTION: 02/07/2020) (SCHEDULER PERIODICITY: every_minute) </endSchedulerExecute>
[DEBUG] [02-07-2020 07:34:17] [DispatcherLogger] - Closing dispatcher
[DEBUG] [02-07-2020 07:34:17] [DispatcherLogger] - Closing Verifier com.dogma.automatic.ProcessVerifier.
[DEBUG] [02-07-2020 07:34:17] [DispatcherLogger] - Closing Verifier com.dogma.automatic.TaskVerifier.
[DEBUG] [02-07-2020 07:34:17] [DispatcherLogger] - Closing Verifier com.dogma.automatic.BusClassVerifier.
[DEBUG] [02-07-2020 07:34:17] [DispatcherLogger] - Closing ControlProcess.
